<?xml version="1.0" encoding="UTF-8"?>
<!-- Generated by org.testng.reporters.JUnitReportReporter -->
<testsuite skipped="0" hostname="INW1PF1668EG" name="com.infa.playwright.SampleTest" tests="3" failures="0" timestamp="17 Mar 2022 12:23:12 GMT" time="298.995" errors="0">
  <testcase name="TC_003" time="92.854" classname="com.infa.playwright.SampleTest"/>
  <testcase name="TC_002" time="102.700" classname="com.infa.playwright.SampleTest"/>
  <testcase name="TC_001" time="103.441" classname="com.infa.playwright.SampleTest"/>
</testsuite> <!-- com.infa.playwright.SampleTest -->
