<?xml version="1.0" encoding="UTF-8"?>
<!-- Generated by org.testng.reporters.JUnitReportReporter -->
<testsuite skipped="0" hostname="INW1PF1668EG" name="com.infa.playwright.Example" tests="1" failures="0" timestamp="17 Mar 2022 04:57:41 GMT" time="98.331" errors="0">
  <testcase name="TC_002" time="98.331" classname="com.infa.playwright.Example"/>
</testsuite> <!-- com.infa.playwright.Example -->
